<?xml version="1.0" encoding="UTF-8"?>
<!-- Generated by org.testng.reporters.JUnitReportReporter -->
<testsuite hostname="DESKTOP-NSRO2Q3" failures="0" tests="1" name="testscript.CustomerModule" time="0.052" errors="0" timestamp="2025-06-27T07:08:42 IST" skipped="0">
  <testcase classname="testscript.CustomerModule" name="createCustomer" time="0.052">
    <system-out>
      <![CDATA[customer has been created]]>
    </system-out>
  </testcase> <!-- createCustomer -->
  <system-out>
    <![CDATA[customer has been created]]>
  </system-out>
</testsuite> <!-- testscript.CustomerModule -->
